<?xml version="1.0" encoding="UTF-8"?>
<!-- Generated by org.testng.reporters.JUnitXMLReporter -->
<testsuite ignored="0" hostname="DESKTOP-OJIJEQU" failures="0" tests="4" name="Testng" time="0.118" errors="0" timestamp="01 Jul 2023 08:27:41 GMT">
  <testcase classname="automationsquad.project.Testfrom" name="fr" time="0.03"/>
  <testcase classname="automationsquad.project.Testfrom" name="fre" time="0.002"/>
  <testcase classname="automationsquad.project.Testhome" name="gg" time="0.005"/>
  <testcase classname="automationsquad.project.Testhome" name="tr" time="0.003"/>
</testsuite> <!-- Testng -->
