<?xml version="1.0" encoding="UTF-8"?>
<testng-results ignored="1" total="2" passed="1" failed="0" skipped="0">
  <reporter-output>
  </reporter-output>
  <suite started-at="2023-07-07T07:37:20Z" name="Default suite" finished-at="2023-07-07T07:37:21Z" duration-ms="80">
    <groups>
    </groups>
    <test started-at="2023-07-07T07:37:20Z" name="Default test" finished-at="2023-07-07T07:37:21Z" duration-ms="80">
      <class name="automationsquad.project.Testfrom">
        <test-method signature="fre()[pri:0, instance:automationsquad.project.Testfrom@7daa0fbd]" started-at="2023-07-07T13:07:21Z" name="fre" finished-at="2023-07-07T13:07:21Z" duration-ms="27" status="PASS">
          <reporter-output>
          </reporter-output>
        </test-method> <!-- fre -->
      </class> <!-- automationsquad.project.Testfrom -->
    </test> <!-- Default test -->
  </suite> <!-- Default suite -->
</testng-results>
